{"C:\\Code\\softwareEngineering\\cedt-se-project-hotelviz\\backend\\controllers\\auth.js": {"path":"C:\\Code\\softwareEngineering\\cedt-se-project-hotelviz\\backend\\controllers\\auth.js","statementMap":{"0":{"start":{"line":1,"column":13},"end":{"line":1,"column":38}},"1":{"start":{"line":6,"column":0},"end":{"line":35,"column":2}},"2":{"start":{"line":7,"column":2},"end":{"line":34,"column":3}},"3":{"start":{"line":8,"column":49},"end":{"line":8,"column":57}},"4":{"start":{"line":11,"column":17},"end":{"line":17,"column":6}},"5":{"start":{"line":21,"column":4},"end":{"line":21,"column":38}},"6":{"start":{"line":23,"column":4},"end":{"line":28,"column":5}},"7":{"start":{"line":24,"column":6},"end":{"line":27,"column":9}},"8":{"start":{"line":30,"column":4},"end":{"line":33,"column":7}},"9":{"start":{"line":37,"column":0},"end":{"line":65,"column":2}},"10":{"start":{"line":38,"column":2},"end":{"line":64,"column":3}},"11":{"start":{"line":39,"column":47},"end":{"line":39,"column":55}},"12":{"start":{"line":42,"column":4},"end":{"line":46,"column":5}},"13":{"start":{"line":43,"column":6},"end":{"line":45,"column":74}},"14":{"start":{"line":49,"column":15},"end":{"line":49,"column":67}},"15":{"start":{"line":50,"column":4},"end":{"line":54,"column":5}},"16":{"start":{"line":51,"column":6},"end":{"line":53,"column":62}},"17":{"start":{"line":58,"column":4},"end":{"line":58,"column":38}},"18":{"start":{"line":61,"column":4},"end":{"line":63,"column":67}},"19":{"start":{"line":70,"column":0},"end":{"line":97,"column":2}},"20":{"start":{"line":71,"column":30},"end":{"line":71,"column":38}},"21":{"start":{"line":74,"column":2},"end":{"line":78,"column":3}},"22":{"start":{"line":75,"column":4},"end":{"line":77,"column":77}},"23":{"start":{"line":81,"column":15},"end":{"line":81,"column":64}},"24":{"start":{"line":83,"column":2},"end":{"line":85,"column":3}},"25":{"start":{"line":84,"column":4},"end":{"line":84,"column":80}},"26":{"start":{"line":88,"column":18},"end":{"line":88,"column":52}},"27":{"start":{"line":89,"column":2},"end":{"line":91,"column":3}},"28":{"start":{"line":90,"column":4},"end":{"line":90,"column":80}},"29":{"start":{"line":96,"column":2},"end":{"line":96,"column":36}},"30":{"start":{"line":102,"column":0},"end":{"line":111,"column":2}},"31":{"start":{"line":103,"column":2},"end":{"line":106,"column":5}},"32":{"start":{"line":107,"column":2},"end":{"line":110,"column":5}},"33":{"start":{"line":114,"column":0},"end":{"line":129,"column":2}},"34":{"start":{"line":115,"column":2},"end":{"line":128,"column":3}},"35":{"start":{"line":116,"column":4},"end":{"line":116,"column":29}},"36":{"start":{"line":117,"column":17},"end":{"line":120,"column":6}},"37":{"start":{"line":122,"column":4},"end":{"line":124,"column":5}},"38":{"start":{"line":123,"column":6},"end":{"line":123,"column":54}},"39":{"start":{"line":125,"column":4},"end":{"line":125,"column":56}},"40":{"start":{"line":127,"column":4},"end":{"line":127,"column":45}},"41":{"start":{"line":131,"column":0},"end":{"line":161,"column":2}},"42":{"start":{"line":132,"column":2},"end":{"line":160,"column":3}},"43":{"start":{"line":133,"column":25},"end":{"line":133,"column":33}},"44":{"start":{"line":136,"column":4},"end":{"line":140,"column":5}},"45":{"start":{"line":137,"column":6},"end":{"line":139,"column":66}},"46":{"start":{"line":143,"column":15},"end":{"line":143,"column":67}},"47":{"start":{"line":144,"column":4},"end":{"line":148,"column":5}},"48":{"start":{"line":145,"column":6},"end":{"line":147,"column":62}},"49":{"start":{"line":150,"column":4},"end":{"line":150,"column":27}},"50":{"start":{"line":151,"column":4},"end":{"line":154,"column":7}},"51":{"start":{"line":157,"column":4},"end":{"line":159,"column":63}},"52":{"start":{"line":164,"column":26},"end":{"line":186,"column":1}},"53":{"start":{"line":166,"column":16},"end":{"line":166,"column":40}},"54":{"start":{"line":168,"column":18},"end":{"line":173,"column":3}},"55":{"start":{"line":178,"column":2},"end":{"line":185,"column":5}},"56":{"start":{"line":191,"column":0},"end":{"line":200,"column":2}},"57":{"start":{"line":192,"column":15},"end":{"line":192,"column":47}},"58":{"start":{"line":193,"column":2},"end":{"line":195,"column":3}},"59":{"start":{"line":194,"column":4},"end":{"line":194,"column":52}},"60":{"start":{"line":196,"column":2},"end":{"line":199,"column":5}}},"fnMap":{"0":{"name":"(anonymous_0)","decl":{"start":{"line":6,"column":19},"end":{"line":6,"column":20}},"loc":{"start":{"line":6,"column":45},"end":{"line":35,"column":1}},"line":6},"1":{"name":"(anonymous_1)","decl":{"start":{"line":37,"column":16},"end":{"line":37,"column":17}},"loc":{"start":{"line":37,"column":42},"end":{"line":65,"column":1}},"line":37},"2":{"name":"(anonymous_2)","decl":{"start":{"line":70,"column":16},"end":{"line":70,"column":17}},"loc":{"start":{"line":70,"column":42},"end":{"line":97,"column":1}},"line":70},"3":{"name":"(anonymous_3)","decl":{"start":{"line":102,"column":17},"end":{"line":102,"column":18}},"loc":{"start":{"line":102,"column":43},"end":{"line":111,"column":1}},"line":102},"4":{"name":"(anonymous_4)","decl":{"start":{"line":114,"column":21},"end":{"line":114,"column":22}},"loc":{"start":{"line":114,"column":47},"end":{"line":129,"column":1}},"line":114},"5":{"name":"(anonymous_5)","decl":{"start":{"line":131,"column":21},"end":{"line":131,"column":22}},"loc":{"start":{"line":131,"column":47},"end":{"line":161,"column":1}},"line":131},"6":{"name":"(anonymous_6)","decl":{"start":{"line":164,"column":26},"end":{"line":164,"column":27}},"loc":{"start":{"line":164,"column":53},"end":{"line":186,"column":1}},"line":164},"7":{"name":"(anonymous_7)","decl":{"start":{"line":191,"column":16},"end":{"line":191,"column":17}},"loc":{"start":{"line":191,"column":42},"end":{"line":200,"column":1}},"line":191}},"branchMap":{"0":{"loc":{"start":{"line":23,"column":4},"end":{"line":28,"column":5}},"type":"if","locations":[{"start":{"line":23,"column":4},"end":{"line":28,"column":5}},{"start":{},"end":{}}],"line":23},"1":{"loc":{"start":{"line":42,"column":4},"end":{"line":46,"column":5}},"type":"if","locations":[{"start":{"line":42,"column":4},"end":{"line":46,"column":5}},{"start":{},"end":{}}],"line":42},"2":{"loc":{"start":{"line":50,"column":4},"end":{"line":54,"column":5}},"type":"if","locations":[{"start":{"line":50,"column":4},"end":{"line":54,"column":5}},{"start":{},"end":{}}],"line":50},"3":{"loc":{"start":{"line":74,"column":2},"end":{"line":78,"column":3}},"type":"if","locations":[{"start":{"line":74,"column":2},"end":{"line":78,"column":3}},{"start":{},"end":{}}],"line":74},"4":{"loc":{"start":{"line":74,"column":6},"end":{"line":74,"column":25}},"type":"binary-expr","locations":[{"start":{"line":74,"column":6},"end":{"line":74,"column":12}},{"start":{"line":74,"column":16},"end":{"line":74,"column":25}}],"line":74},"5":{"loc":{"start":{"line":83,"column":2},"end":{"line":85,"column":3}},"type":"if","locations":[{"start":{"line":83,"column":2},"end":{"line":85,"column":3}},{"start":{},"end":{}}],"line":83},"6":{"loc":{"start":{"line":89,"column":2},"end":{"line":91,"column":3}},"type":"if","locations":[{"start":{"line":89,"column":2},"end":{"line":91,"column":3}},{"start":{},"end":{}}],"line":89},"7":{"loc":{"start":{"line":122,"column":4},"end":{"line":124,"column":5}},"type":"if","locations":[{"start":{"line":122,"column":4},"end":{"line":124,"column":5}},{"start":{},"end":{}}],"line":122},"8":{"loc":{"start":{"line":136,"column":4},"end":{"line":140,"column":5}},"type":"if","locations":[{"start":{"line":136,"column":4},"end":{"line":140,"column":5}},{"start":{},"end":{}}],"line":136},"9":{"loc":{"start":{"line":144,"column":4},"end":{"line":148,"column":5}},"type":"if","locations":[{"start":{"line":144,"column":4},"end":{"line":148,"column":5}},{"start":{},"end":{}}],"line":144},"10":{"loc":{"start":{"line":193,"column":2},"end":{"line":195,"column":3}},"type":"if","locations":[{"start":{"line":193,"column":2},"end":{"line":195,"column":3}},{"start":{},"end":{}}],"line":193}},"s":{"0":1,"1":1,"2":3,"3":3,"4":3,"5":1,"6":2,"7":1,"8":1,"9":1,"10":4,"11":4,"12":4,"13":1,"14":3,"15":3,"16":1,"17":1,"18":1,"19":1,"20":5,"21":5,"22":1,"23":4,"24":4,"25":1,"26":3,"27":3,"28":1,"29":2,"30":1,"31":1,"32":1,"33":1,"34":7,"35":7,"36":6,"37":6,"38":1,"39":5,"40":1,"41":1,"42":4,"43":4,"44":4,"45":1,"46":3,"47":3,"48":1,"49":1,"50":1,"51":1,"52":1,"53":4,"54":4,"55":4,"56":1,"57":2,"58":2,"59":1,"60":1},"f":{"0":3,"1":4,"2":5,"3":1,"4":7,"5":4,"6":4,"7":2},"b":{"0":[1,1],"1":[1,3],"2":[1,1],"3":[1,4],"4":[5,4],"5":[1,3],"6":[1,2],"7":[1,5],"8":[1,3],"9":[1,1],"10":[1,1]},"_coverageSchema":"1a1c01bbd47fc00a2c39e90264f33305004495a9","hash":"b9560d294974313b9816f0669050fb685d068f65"}
,"C:\\Code\\softwareEngineering\\cedt-se-project-hotelviz\\backend\\models\\User.js": {"path":"C:\\Code\\softwareEngineering\\cedt-se-project-hotelviz\\backend\\models\\User.js","statementMap":{"0":{"start":{"line":1,"column":17},"end":{"line":1,"column":36}},"1":{"start":{"line":2,"column":15},"end":{"line":2,"column":34}},"2":{"start":{"line":3,"column":12},"end":{"line":3,"column":35}},"3":{"start":{"line":5,"column":19},"end":{"line":59,"column":2}},"4":{"start":{"line":62,"column":13},"end":{"line":62,"column":19}},"5":{"start":{"line":63,"column":2},"end":{"line":66,"column":23}},"6":{"start":{"line":63,"column":25},"end":{"line":63,"column":43}},"7":{"start":{"line":64,"column":7},"end":{"line":66,"column":23}},"8":{"start":{"line":64,"column":30},"end":{"line":64,"column":44}},"9":{"start":{"line":65,"column":7},"end":{"line":66,"column":23}},"10":{"start":{"line":65,"column":29},"end":{"line":65,"column":45}},"11":{"start":{"line":66,"column":7},"end":{"line":66,"column":23}},"12":{"start":{"line":67,"column":2},"end":{"line":67,"column":14}},"13":{"start":{"line":71,"column":0},"end":{"line":79,"column":3}},"14":{"start":{"line":72,"column":2},"end":{"line":72,"column":43}},"15":{"start":{"line":74,"column":2},"end":{"line":77,"column":3}},"16":{"start":{"line":75,"column":17},"end":{"line":75,"column":41}},"17":{"start":{"line":76,"column":4},"end":{"line":76,"column":59}},"18":{"start":{"line":78,"column":2},"end":{"line":78,"column":9}},"19":{"start":{"line":81,"column":0},"end":{"line":86,"column":3}},"20":{"start":{"line":82,"column":17},"end":{"line":82,"column":33}},"21":{"start":{"line":83,"column":2},"end":{"line":83,"column":47}},"22":{"start":{"line":85,"column":2},"end":{"line":85,"column":9}},"23":{"start":{"line":89,"column":0},"end":{"line":93,"column":2}},"24":{"start":{"line":90,"column":2},"end":{"line":92,"column":5}},"25":{"start":{"line":96,"column":0},"end":{"line":98,"column":2}},"26":{"start":{"line":97,"column":2},"end":{"line":97,"column":62}},"27":{"start":{"line":100,"column":0},"end":{"line":113,"column":2}},"28":{"start":{"line":104,"column":18},"end":{"line":104,"column":60}},"29":{"start":{"line":105,"column":2},"end":{"line":112,"column":3}},"30":{"start":{"line":106,"column":4},"end":{"line":106,"column":17}},"31":{"start":{"line":108,"column":4},"end":{"line":108,"column":33}},"32":{"start":{"line":110,"column":4},"end":{"line":110,"column":22}},"33":{"start":{"line":111,"column":4},"end":{"line":111,"column":16}},"34":{"start":{"line":115,"column":0},"end":{"line":115,"column":52}}},"fnMap":{"0":{"name":"upgradeTier","decl":{"start":{"line":61,"column":9},"end":{"line":61,"column":20}},"loc":{"start":{"line":61,"column":33},"end":{"line":68,"column":1}},"line":61},"1":{"name":"(anonymous_1)","decl":{"start":{"line":71,"column":23},"end":{"line":71,"column":24}},"loc":{"start":{"line":71,"column":45},"end":{"line":79,"column":1}},"line":71},"2":{"name":"(anonymous_2)","decl":{"start":{"line":81,"column":35},"end":{"line":81,"column":36}},"loc":{"start":{"line":81,"column":57},"end":{"line":86,"column":1}},"line":81},"3":{"name":"(anonymous_3)","decl":{"start":{"line":89,"column":39},"end":{"line":89,"column":40}},"loc":{"start":{"line":89,"column":51},"end":{"line":93,"column":1}},"line":89},"4":{"name":"(anonymous_4)","decl":{"start":{"line":96,"column":35},"end":{"line":96,"column":36}},"loc":{"start":{"line":96,"column":68},"end":{"line":98,"column":1}},"line":96},"5":{"name":"(anonymous_5)","decl":{"start":{"line":100,"column":36},"end":{"line":100,"column":37}},"loc":{"start":{"line":103,"column":2},"end":{"line":113,"column":1}},"line":103}},"branchMap":{"0":{"loc":{"start":{"line":63,"column":2},"end":{"line":66,"column":23}},"type":"if","locations":[{"start":{"line":63,"column":2},"end":{"line":66,"column":23}},{"start":{"line":64,"column":7},"end":{"line":66,"column":23}}],"line":63},"1":{"loc":{"start":{"line":64,"column":7},"end":{"line":66,"column":23}},"type":"if","locations":[{"start":{"line":64,"column":7},"end":{"line":66,"column":23}},{"start":{"line":65,"column":7},"end":{"line":66,"column":23}}],"line":64},"2":{"loc":{"start":{"line":65,"column":7},"end":{"line":66,"column":23}},"type":"if","locations":[{"start":{"line":65,"column":7},"end":{"line":66,"column":23}},{"start":{"line":66,"column":7},"end":{"line":66,"column":23}}],"line":65},"3":{"loc":{"start":{"line":74,"column":2},"end":{"line":77,"column":3}},"type":"if","locations":[{"start":{"line":74,"column":2},"end":{"line":77,"column":3}},{"start":{},"end":{}}],"line":74},"4":{"loc":{"start":{"line":105,"column":2},"end":{"line":112,"column":3}},"type":"if","locations":[{"start":{"line":105,"column":2},"end":{"line":112,"column":3}},{"start":{"line":107,"column":9},"end":{"line":112,"column":3}}],"line":105}},"s":{"0":1,"1":1,"2":1,"3":1,"4":11,"5":11,"6":1,"7":10,"8":1,"9":9,"10":1,"11":8,"12":11,"13":1,"14":5,"15":5,"16":4,"17":4,"18":5,"19":1,"20":6,"21":6,"22":6,"23":1,"24":4,"25":1,"26":7,"27":1,"28":2,"29":2,"30":1,"31":1,"32":1,"33":1,"34":1},"f":{"0":11,"1":5,"2":6,"3":4,"4":7,"5":2},"b":{"0":[1,10],"1":[1,9],"2":[1,8],"3":[4,1],"4":[1,1]},"_coverageSchema":"1a1c01bbd47fc00a2c39e90264f33305004495a9","hash":"18061ce1419a0300aace1245c0d363f3a80b7db8"}
}
