{"C:\\Code\\softwareEngineering\\cedt-se-project-hotelviz\\backend\\controllers\\auth.js": {"path":"C:\\Code\\softwareEngineering\\cedt-se-project-hotelviz\\backend\\controllers\\auth.js","statementMap":{"0":{"start":{"line":1,"column":13},"end":{"line":1,"column":38}},"1":{"start":{"line":6,"column":0},"end":{"line":35,"column":2}},"2":{"start":{"line":7,"column":2},"end":{"line":34,"column":3}},"3":{"start":{"line":8,"column":49},"end":{"line":8,"column":57}},"4":{"start":{"line":11,"column":17},"end":{"line":17,"column":6}},"5":{"start":{"line":21,"column":4},"end":{"line":21,"column":38}},"6":{"start":{"line":23,"column":4},"end":{"line":28,"column":5}},"7":{"start":{"line":24,"column":6},"end":{"line":27,"column":9}},"8":{"start":{"line":30,"column":4},"end":{"line":33,"column":7}},"9":{"start":{"line":37,"column":0},"end":{"line":65,"column":2}},"10":{"start":{"line":38,"column":2},"end":{"line":64,"column":3}},"11":{"start":{"line":39,"column":47},"end":{"line":39,"column":55}},"12":{"start":{"line":42,"column":4},"end":{"line":46,"column":5}},"13":{"start":{"line":43,"column":6},"end":{"line":45,"column":74}},"14":{"start":{"line":49,"column":15},"end":{"line":49,"column":67}},"15":{"start":{"line":50,"column":4},"end":{"line":54,"column":5}},"16":{"start":{"line":51,"column":6},"end":{"line":53,"column":62}},"17":{"start":{"line":58,"column":4},"end":{"line":58,"column":38}},"18":{"start":{"line":60,"column":4},"end":{"line":60,"column":23}},"19":{"start":{"line":61,"column":4},"end":{"line":63,"column":67}},"20":{"start":{"line":70,"column":0},"end":{"line":108,"column":2}},"21":{"start":{"line":71,"column":2},"end":{"line":107,"column":3}},"22":{"start":{"line":72,"column":32},"end":{"line":72,"column":40}},"23":{"start":{"line":75,"column":4},"end":{"line":79,"column":5}},"24":{"start":{"line":76,"column":6},"end":{"line":78,"column":77}},"25":{"start":{"line":82,"column":17},"end":{"line":82,"column":66}},"26":{"start":{"line":84,"column":4},"end":{"line":88,"column":5}},"27":{"start":{"line":85,"column":6},"end":{"line":87,"column":60}},"28":{"start":{"line":91,"column":20},"end":{"line":91,"column":54}},"29":{"start":{"line":92,"column":4},"end":{"line":96,"column":5}},"30":{"start":{"line":93,"column":6},"end":{"line":95,"column":60}},"31":{"start":{"line":101,"column":4},"end":{"line":101,"column":38}},"32":{"start":{"line":103,"column":4},"end":{"line":106,"column":7}},"33":{"start":{"line":113,"column":0},"end":{"line":122,"column":2}},"34":{"start":{"line":114,"column":2},"end":{"line":117,"column":5}},"35":{"start":{"line":118,"column":2},"end":{"line":121,"column":5}},"36":{"start":{"line":125,"column":0},"end":{"line":140,"column":2}},"37":{"start":{"line":126,"column":2},"end":{"line":126,"column":27}},"38":{"start":{"line":127,"column":2},"end":{"line":139,"column":3}},"39":{"start":{"line":128,"column":17},"end":{"line":131,"column":6}},"40":{"start":{"line":133,"column":4},"end":{"line":135,"column":5}},"41":{"start":{"line":134,"column":6},"end":{"line":134,"column":54}},"42":{"start":{"line":136,"column":4},"end":{"line":136,"column":56}},"43":{"start":{"line":138,"column":4},"end":{"line":138,"column":45}},"44":{"start":{"line":142,"column":0},"end":{"line":172,"column":2}},"45":{"start":{"line":143,"column":2},"end":{"line":171,"column":3}},"46":{"start":{"line":144,"column":25},"end":{"line":144,"column":33}},"47":{"start":{"line":147,"column":4},"end":{"line":151,"column":5}},"48":{"start":{"line":148,"column":6},"end":{"line":150,"column":66}},"49":{"start":{"line":154,"column":15},"end":{"line":154,"column":67}},"50":{"start":{"line":155,"column":4},"end":{"line":159,"column":5}},"51":{"start":{"line":156,"column":6},"end":{"line":158,"column":62}},"52":{"start":{"line":161,"column":4},"end":{"line":161,"column":27}},"53":{"start":{"line":162,"column":4},"end":{"line":165,"column":7}},"54":{"start":{"line":167,"column":4},"end":{"line":167,"column":23}},"55":{"start":{"line":168,"column":4},"end":{"line":170,"column":63}},"56":{"start":{"line":175,"column":26},"end":{"line":197,"column":1}},"57":{"start":{"line":177,"column":16},"end":{"line":177,"column":40}},"58":{"start":{"line":179,"column":18},"end":{"line":184,"column":3}},"59":{"start":{"line":186,"column":2},"end":{"line":188,"column":3}},"60":{"start":{"line":187,"column":4},"end":{"line":187,"column":26}},"61":{"start":{"line":189,"column":2},"end":{"line":196,"column":5}},"62":{"start":{"line":202,"column":0},"end":{"line":208,"column":2}},"63":{"start":{"line":203,"column":15},"end":{"line":203,"column":47}},"64":{"start":{"line":204,"column":2},"end":{"line":207,"column":5}}},"fnMap":{"0":{"name":"(anonymous_0)","decl":{"start":{"line":6,"column":19},"end":{"line":6,"column":20}},"loc":{"start":{"line":6,"column":45},"end":{"line":35,"column":1}},"line":6},"1":{"name":"(anonymous_1)","decl":{"start":{"line":37,"column":16},"end":{"line":37,"column":17}},"loc":{"start":{"line":37,"column":42},"end":{"line":65,"column":1}},"line":37},"2":{"name":"(anonymous_2)","decl":{"start":{"line":70,"column":16},"end":{"line":70,"column":17}},"loc":{"start":{"line":70,"column":42},"end":{"line":108,"column":1}},"line":70},"3":{"name":"(anonymous_3)","decl":{"start":{"line":113,"column":17},"end":{"line":113,"column":18}},"loc":{"start":{"line":113,"column":43},"end":{"line":122,"column":1}},"line":113},"4":{"name":"(anonymous_4)","decl":{"start":{"line":125,"column":21},"end":{"line":125,"column":22}},"loc":{"start":{"line":125,"column":47},"end":{"line":140,"column":1}},"line":125},"5":{"name":"(anonymous_5)","decl":{"start":{"line":142,"column":21},"end":{"line":142,"column":22}},"loc":{"start":{"line":142,"column":47},"end":{"line":172,"column":1}},"line":142},"6":{"name":"(anonymous_6)","decl":{"start":{"line":175,"column":26},"end":{"line":175,"column":27}},"loc":{"start":{"line":175,"column":53},"end":{"line":197,"column":1}},"line":175},"7":{"name":"(anonymous_7)","decl":{"start":{"line":202,"column":16},"end":{"line":202,"column":17}},"loc":{"start":{"line":202,"column":42},"end":{"line":208,"column":1}},"line":202}},"branchMap":{"0":{"loc":{"start":{"line":23,"column":4},"end":{"line":28,"column":5}},"type":"if","locations":[{"start":{"line":23,"column":4},"end":{"line":28,"column":5}},{"start":{},"end":{}}],"line":23},"1":{"loc":{"start":{"line":42,"column":4},"end":{"line":46,"column":5}},"type":"if","locations":[{"start":{"line":42,"column":4},"end":{"line":46,"column":5}},{"start":{},"end":{}}],"line":42},"2":{"loc":{"start":{"line":50,"column":4},"end":{"line":54,"column":5}},"type":"if","locations":[{"start":{"line":50,"column":4},"end":{"line":54,"column":5}},{"start":{},"end":{}}],"line":50},"3":{"loc":{"start":{"line":75,"column":4},"end":{"line":79,"column":5}},"type":"if","locations":[{"start":{"line":75,"column":4},"end":{"line":79,"column":5}},{"start":{},"end":{}}],"line":75},"4":{"loc":{"start":{"line":75,"column":8},"end":{"line":75,"column":27}},"type":"binary-expr","locations":[{"start":{"line":75,"column":8},"end":{"line":75,"column":14}},{"start":{"line":75,"column":18},"end":{"line":75,"column":27}}],"line":75},"5":{"loc":{"start":{"line":84,"column":4},"end":{"line":88,"column":5}},"type":"if","locations":[{"start":{"line":84,"column":4},"end":{"line":88,"column":5}},{"start":{},"end":{}}],"line":84},"6":{"loc":{"start":{"line":92,"column":4},"end":{"line":96,"column":5}},"type":"if","locations":[{"start":{"line":92,"column":4},"end":{"line":96,"column":5}},{"start":{},"end":{}}],"line":92},"7":{"loc":{"start":{"line":133,"column":4},"end":{"line":135,"column":5}},"type":"if","locations":[{"start":{"line":133,"column":4},"end":{"line":135,"column":5}},{"start":{},"end":{}}],"line":133},"8":{"loc":{"start":{"line":147,"column":4},"end":{"line":151,"column":5}},"type":"if","locations":[{"start":{"line":147,"column":4},"end":{"line":151,"column":5}},{"start":{},"end":{}}],"line":147},"9":{"loc":{"start":{"line":155,"column":4},"end":{"line":159,"column":5}},"type":"if","locations":[{"start":{"line":155,"column":4},"end":{"line":159,"column":5}},{"start":{},"end":{}}],"line":155},"10":{"loc":{"start":{"line":186,"column":2},"end":{"line":188,"column":3}},"type":"if","locations":[{"start":{"line":186,"column":2},"end":{"line":188,"column":3}},{"start":{},"end":{}}],"line":186}},"s":{"0":1,"1":1,"2":3,"3":3,"4":3,"5":1,"6":2,"7":1,"8":1,"9":1,"10":2,"11":2,"12":2,"13":0,"14":2,"15":2,"16":1,"17":1,"18":0,"19":0,"20":1,"21":1,"22":1,"23":1,"24":0,"25":1,"26":1,"27":0,"28":1,"29":1,"30":0,"31":1,"32":0,"33":1,"34":0,"35":0,"36":1,"37":5,"38":5,"39":5,"40":5,"41":0,"42":5,"43":0,"44":1,"45":0,"46":0,"47":0,"48":0,"49":0,"50":0,"51":0,"52":0,"53":0,"54":0,"55":0,"56":1,"57":3,"58":3,"59":3,"60":0,"61":3,"62":1,"63":0,"64":0},"f":{"0":3,"1":2,"2":1,"3":0,"4":5,"5":0,"6":3,"7":0},"b":{"0":[1,1],"1":[0,2],"2":[1,1],"3":[0,1],"4":[1,1],"5":[0,1],"6":[0,1],"7":[0,5],"8":[0,0],"9":[0,0],"10":[0,3]},"_coverageSchema":"1a1c01bbd47fc00a2c39e90264f33305004495a9","hash":"05c3d91df952ce0b938545236ccf5ef12b16d2f2"}
,"C:\\Code\\softwareEngineering\\cedt-se-project-hotelviz\\backend\\models\\User.js": {"path":"C:\\Code\\softwareEngineering\\cedt-se-project-hotelviz\\backend\\models\\User.js","statementMap":{"0":{"start":{"line":1,"column":17},"end":{"line":1,"column":36}},"1":{"start":{"line":2,"column":15},"end":{"line":2,"column":34}},"2":{"start":{"line":3,"column":12},"end":{"line":3,"column":35}},"3":{"start":{"line":5,"column":19},"end":{"line":59,"column":2}},"4":{"start":{"line":62,"column":13},"end":{"line":62,"column":19}},"5":{"start":{"line":63,"column":2},"end":{"line":66,"column":44}},"6":{"start":{"line":63,"column":25},"end":{"line":63,"column":43}},"7":{"start":{"line":64,"column":7},"end":{"line":66,"column":44}},"8":{"start":{"line":64,"column":30},"end":{"line":64,"column":44}},"9":{"start":{"line":65,"column":7},"end":{"line":66,"column":44}},"10":{"start":{"line":65,"column":29},"end":{"line":65,"column":45}},"11":{"start":{"line":66,"column":7},"end":{"line":66,"column":44}},"12":{"start":{"line":66,"column":28},"end":{"line":66,"column":44}},"13":{"start":{"line":67,"column":2},"end":{"line":67,"column":14}},"14":{"start":{"line":71,"column":0},"end":{"line":79,"column":3}},"15":{"start":{"line":72,"column":2},"end":{"line":72,"column":43}},"16":{"start":{"line":74,"column":2},"end":{"line":77,"column":3}},"17":{"start":{"line":75,"column":17},"end":{"line":75,"column":41}},"18":{"start":{"line":76,"column":4},"end":{"line":76,"column":59}},"19":{"start":{"line":78,"column":2},"end":{"line":78,"column":9}},"20":{"start":{"line":81,"column":0},"end":{"line":86,"column":3}},"21":{"start":{"line":82,"column":17},"end":{"line":82,"column":33}},"22":{"start":{"line":83,"column":2},"end":{"line":83,"column":47}},"23":{"start":{"line":85,"column":2},"end":{"line":85,"column":9}},"24":{"start":{"line":89,"column":0},"end":{"line":93,"column":2}},"25":{"start":{"line":90,"column":2},"end":{"line":92,"column":5}},"26":{"start":{"line":96,"column":0},"end":{"line":98,"column":2}},"27":{"start":{"line":97,"column":2},"end":{"line":97,"column":62}},"28":{"start":{"line":100,"column":0},"end":{"line":113,"column":2}},"29":{"start":{"line":104,"column":18},"end":{"line":104,"column":60}},"30":{"start":{"line":105,"column":2},"end":{"line":112,"column":3}},"31":{"start":{"line":106,"column":4},"end":{"line":106,"column":17}},"32":{"start":{"line":108,"column":4},"end":{"line":108,"column":33}},"33":{"start":{"line":110,"column":4},"end":{"line":110,"column":22}},"34":{"start":{"line":111,"column":4},"end":{"line":111,"column":16}},"35":{"start":{"line":115,"column":0},"end":{"line":115,"column":52}}},"fnMap":{"0":{"name":"upgradeTier","decl":{"start":{"line":61,"column":9},"end":{"line":61,"column":20}},"loc":{"start":{"line":61,"column":33},"end":{"line":68,"column":1}},"line":61},"1":{"name":"(anonymous_1)","decl":{"start":{"line":71,"column":23},"end":{"line":71,"column":24}},"loc":{"start":{"line":71,"column":45},"end":{"line":79,"column":1}},"line":71},"2":{"name":"(anonymous_2)","decl":{"start":{"line":81,"column":35},"end":{"line":81,"column":36}},"loc":{"start":{"line":81,"column":57},"end":{"line":86,"column":1}},"line":81},"3":{"name":"(anonymous_3)","decl":{"start":{"line":89,"column":39},"end":{"line":89,"column":40}},"loc":{"start":{"line":89,"column":51},"end":{"line":93,"column":1}},"line":89},"4":{"name":"(anonymous_4)","decl":{"start":{"line":96,"column":35},"end":{"line":96,"column":36}},"loc":{"start":{"line":96,"column":68},"end":{"line":98,"column":1}},"line":96},"5":{"name":"(anonymous_5)","decl":{"start":{"line":100,"column":36},"end":{"line":100,"column":37}},"loc":{"start":{"line":103,"column":2},"end":{"line":113,"column":1}},"line":103}},"branchMap":{"0":{"loc":{"start":{"line":63,"column":2},"end":{"line":66,"column":44}},"type":"if","locations":[{"start":{"line":63,"column":2},"end":{"line":66,"column":44}},{"start":{"line":64,"column":7},"end":{"line":66,"column":44}}],"line":63},"1":{"loc":{"start":{"line":64,"column":7},"end":{"line":66,"column":44}},"type":"if","locations":[{"start":{"line":64,"column":7},"end":{"line":66,"column":44}},{"start":{"line":65,"column":7},"end":{"line":66,"column":44}}],"line":64},"2":{"loc":{"start":{"line":65,"column":7},"end":{"line":66,"column":44}},"type":"if","locations":[{"start":{"line":65,"column":7},"end":{"line":66,"column":44}},{"start":{"line":66,"column":7},"end":{"line":66,"column":44}}],"line":65},"3":{"loc":{"start":{"line":66,"column":7},"end":{"line":66,"column":44}},"type":"if","locations":[{"start":{"line":66,"column":7},"end":{"line":66,"column":44}},{"start":{},"end":{}}],"line":66},"4":{"loc":{"start":{"line":74,"column":2},"end":{"line":77,"column":3}},"type":"if","locations":[{"start":{"line":74,"column":2},"end":{"line":77,"column":3}},{"start":{},"end":{}}],"line":74},"5":{"loc":{"start":{"line":105,"column":2},"end":{"line":112,"column":3}},"type":"if","locations":[{"start":{"line":105,"column":2},"end":{"line":112,"column":3}},{"start":{"line":107,"column":9},"end":{"line":112,"column":3}}],"line":105}},"s":{"0":1,"1":1,"2":1,"3":1,"4":10,"5":10,"6":1,"7":9,"8":1,"9":8,"10":1,"11":7,"12":1,"13":10,"14":1,"15":5,"16":5,"17":4,"18":4,"19":5,"20":1,"21":5,"22":5,"23":5,"24":1,"25":3,"26":1,"27":3,"28":1,"29":2,"30":2,"31":1,"32":1,"33":1,"34":1,"35":1},"f":{"0":10,"1":5,"2":5,"3":3,"4":3,"5":2},"b":{"0":[1,9],"1":[1,8],"2":[1,7],"3":[1,6],"4":[4,1],"5":[1,1]},"_coverageSchema":"1a1c01bbd47fc00a2c39e90264f33305004495a9","hash":"2811a5f760b6150c9392846e1f43c12553f4bf7b"}
}
