TN:
SF:controllers\auth.js
FN:6,(anonymous_0)
FN:37,(anonymous_1)
FN:70,(anonymous_2)
FN:102,(anonymous_3)
FN:114,(anonymous_4)
FN:131,(anonymous_5)
FN:164,(anonymous_6)
FN:191,(anonymous_7)
FNF:8
FNH:4
FNDA:2,(anonymous_0)
FNDA:0,(anonymous_1)
FNDA:9,(anonymous_2)
FNDA:0,(anonymous_3)
FNDA:1,(anonymous_4)
FNDA:0,(anonymous_5)
FNDA:11,(anonymous_6)
FNDA:0,(anonymous_7)
DA:1,1
DA:6,1
DA:7,2
DA:8,2
DA:11,2
DA:21,2
DA:23,0
DA:24,0
DA:30,0
DA:37,1
DA:38,0
DA:39,0
DA:42,0
DA:43,0
DA:49,0
DA:50,0
DA:51,0
DA:58,0
DA:61,0
DA:70,1
DA:71,9
DA:74,9
DA:75,0
DA:81,9
DA:83,9
DA:84,0
DA:88,9
DA:89,9
DA:90,0
DA:96,9
DA:102,1
DA:103,0
DA:107,0
DA:114,1
DA:115,1
DA:116,1
DA:117,1
DA:122,1
DA:123,0
DA:125,1
DA:127,0
DA:131,1
DA:132,0
DA:133,0
DA:136,0
DA:137,0
DA:143,0
DA:144,0
DA:145,0
DA:150,0
DA:151,0
DA:157,0
DA:164,1
DA:166,11
DA:168,11
DA:178,11
DA:191,1
DA:192,0
DA:193,0
DA:194,0
DA:196,0
LF:61
LH:28
BRDA:23,0,0,0
BRDA:23,0,1,0
BRDA:42,1,0,0
BRDA:42,1,1,0
BRDA:50,2,0,0
BRDA:50,2,1,0
BRDA:74,3,0,0
BRDA:74,3,1,9
BRDA:74,4,0,9
BRDA:74,4,1,9
BRDA:83,5,0,0
BRDA:83,5,1,9
BRDA:89,6,0,0
BRDA:89,6,1,9
BRDA:122,7,0,0
BRDA:122,7,1,1
BRDA:136,8,0,0
BRDA:136,8,1,0
BRDA:144,9,0,0
BRDA:144,9,1,0
BRDA:193,10,0,0
BRDA:193,10,1,0
BRF:22
BRH:6
end_of_record
TN:
SF:controllers\coupons.js
FN:4,(anonymous_0)
FN:24,(anonymous_1)
FN:48,(anonymous_2)
FN:80,(anonymous_3)
FN:135,(anonymous_4)
FN:168,(anonymous_5)
FN:234,(anonymous_6)
FN:272,(anonymous_7)
FN:328,(anonymous_8)
FN:361,(anonymous_9)
FN:395,(anonymous_10)
FNF:11
FNH:6
FNDA:2,(anonymous_0)
FNDA:3,(anonymous_1)
FNDA:4,(anonymous_2)
FNDA:5,(anonymous_3)
FNDA:4,(anonymous_4)
FNDA:4,(anonymous_5)
FNDA:0,(anonymous_6)
FNDA:0,(anonymous_7)
FNDA:0,(anonymous_8)
FNDA:0,(anonymous_9)
FNDA:0,(anonymous_10)
DA:1,1
DA:2,1
DA:4,1
DA:7,2
DA:8,1
DA:11,1
DA:13,2
DA:14,2
DA:24,1
DA:25,3
DA:26,3
DA:27,2
DA:28,1
DA:33,1
DA:39,1
DA:48,1
DA:49,4
DA:50,4
DA:51,4
DA:54,4
DA:55,4
DA:56,1
DA:62,3
DA:63,9
DA:64,8
DA:67,2
DA:70,1
DA:80,1
DA:81,5
DA:82,5
DA:83,4
DA:84,1
DA:90,3
DA:92,2
DA:98,1
DA:105,1
DA:106,1
DA:110,1
DA:115,1
DA:119,1
DA:126,1
DA:135,1
DA:136,4
DA:137,4
DA:138,3
DA:139,1
DA:145,2
DA:146,1
DA:152,1
DA:153,1
DA:159,1
DA:168,1
DA:169,4
DA:170,4
DA:173,4
DA:174,1
DA:175,3
DA:179,4
DA:185,4
DA:186,1
DA:193,3
DA:194,1
DA:200,2
DA:202,1
DA:203,1
DA:205,0
DA:211,2
DA:212,2
DA:214,2
DA:215,2
DA:216,2
DA:225,0
DA:234,1
DA:235,0
DA:236,0
DA:239,0
DA:240,0
DA:247,0
DA:249,0
DA:250,0
DA:256,0
DA:263,0
DA:272,1
DA:273,0
DA:274,0
DA:275,0
DA:278,0
DA:279,0
DA:286,0
DA:287,0
DA:290,0
DA:291,0
DA:299,0
DA:305,0
DA:306,0
DA:312,0
DA:319,0
DA:328,1
DA:329,0
DA:330,0
DA:346,0
DA:352,0
DA:361,1
DA:362,0
DA:363,0
DA:380,0
DA:386,0
DA:395,1
DA:396,0
DA:397,0
DA:400,0
DA:421,0
DA:422,0
DA:428,0
DA:434,0
LF:115
LH:75
BRDA:7,0,0,1
BRDA:7,0,1,1
BRDA:27,1,0,1
BRDA:27,1,1,1
BRDA:55,2,0,1
BRDA:55,2,1,3
BRDA:83,3,0,1
BRDA:83,3,1,3
BRDA:90,4,0,2
BRDA:90,4,1,1
BRDA:92,5,0,1
BRDA:92,5,1,1
BRDA:93,6,0,2
BRDA:93,6,1,1
BRDA:93,6,2,1
BRDA:138,7,0,1
BRDA:138,7,1,2
BRDA:145,8,0,1
BRDA:145,8,1,1
BRDA:173,9,0,1
BRDA:173,9,1,3
BRDA:173,10,0,4
BRDA:173,10,1,1
BRDA:185,11,0,1
BRDA:185,11,1,3
BRDA:193,12,0,1
BRDA:193,12,1,2
BRDA:193,13,0,3
BRDA:193,13,1,2
BRDA:200,14,0,1
BRDA:200,14,1,1
BRDA:202,15,0,1
BRDA:202,15,1,0
BRDA:239,16,0,0
BRDA:239,16,1,0
BRDA:249,17,0,0
BRDA:249,17,1,0
BRDA:278,18,0,0
BRDA:278,18,1,0
BRDA:286,19,0,0
BRDA:286,19,1,0
BRDA:290,20,0,0
BRDA:290,20,1,0
BRDA:305,21,0,0
BRDA:305,21,1,0
BRDA:421,22,0,0
BRDA:421,22,1,0
BRF:47
BRH:32
end_of_record
TN:
SF:models\Coupon.js
FNF:0
FNH:0
DA:1,1
DA:2,1
DA:41,1
LF:3
LH:3
BRF:0
BRH:0
end_of_record
TN:
SF:models\User.js
FN:61,upgradeTier
FN:71,(anonymous_1)
FN:81,(anonymous_2)
FN:89,(anonymous_3)
FN:96,(anonymous_4)
FN:100,(anonymous_5)
FNF:6
FNH:5
FNDA:5,upgradeTier
FNDA:4,(anonymous_1)
FNDA:1,(anonymous_2)
FNDA:11,(anonymous_3)
FNDA:9,(anonymous_4)
FNDA:0,(anonymous_5)
DA:1,1
DA:2,1
DA:3,1
DA:5,1
DA:62,5
DA:63,5
DA:64,5
DA:65,5
DA:66,5
DA:67,5
DA:71,1
DA:72,4
DA:74,4
DA:75,2
DA:76,2
DA:78,4
DA:81,1
DA:82,1
DA:83,1
DA:85,1
DA:89,1
DA:90,11
DA:96,1
DA:97,9
DA:100,1
DA:104,0
DA:105,0
DA:106,0
DA:108,0
DA:110,0
DA:111,0
DA:115,1
LF:32
LH:26
BRDA:63,0,0,0
BRDA:63,0,1,5
BRDA:64,1,0,0
BRDA:64,1,1,5
BRDA:65,2,0,0
BRDA:65,2,1,5
BRDA:74,3,0,2
BRDA:74,3,1,2
BRDA:105,4,0,0
BRDA:105,4,1,0
BRF:10
BRH:5
end_of_record
