TN:
SF:controllers\auth.js
FN:6,(anonymous_0)
FN:37,(anonymous_1)
FN:70,(anonymous_2)
FN:113,(anonymous_3)
FN:125,(anonymous_4)
FN:142,(anonymous_5)
FN:175,(anonymous_6)
FN:202,(anonymous_7)
FNF:8
FNH:5
FNDA:3,(anonymous_0)
FNDA:2,(anonymous_1)
FNDA:1,(anonymous_2)
FNDA:0,(anonymous_3)
FNDA:5,(anonymous_4)
FNDA:0,(anonymous_5)
FNDA:3,(anonymous_6)
FNDA:0,(anonymous_7)
DA:1,1
DA:6,1
DA:7,3
DA:8,3
DA:11,3
DA:21,1
DA:23,2
DA:24,1
DA:30,1
DA:37,1
DA:38,2
DA:39,2
DA:42,2
DA:43,0
DA:49,2
DA:50,2
DA:51,1
DA:58,1
DA:60,0
DA:61,0
DA:70,1
DA:71,1
DA:72,1
DA:75,1
DA:76,0
DA:82,1
DA:84,1
DA:85,0
DA:91,1
DA:92,1
DA:93,0
DA:101,1
DA:103,0
DA:113,1
DA:114,0
DA:118,0
DA:125,1
DA:126,5
DA:127,5
DA:128,5
DA:133,5
DA:134,0
DA:136,5
DA:138,0
DA:142,1
DA:143,0
DA:144,0
DA:147,0
DA:148,0
DA:154,0
DA:155,0
DA:156,0
DA:161,0
DA:162,0
DA:167,0
DA:168,0
DA:175,1
DA:177,3
DA:179,3
DA:186,3
DA:187,0
DA:189,3
DA:202,1
DA:203,0
DA:204,0
LF:65
LH:40
BRDA:23,0,0,1
BRDA:23,0,1,1
BRDA:42,1,0,0
BRDA:42,1,1,2
BRDA:50,2,0,1
BRDA:50,2,1,1
BRDA:75,3,0,0
BRDA:75,3,1,1
BRDA:75,4,0,1
BRDA:75,4,1,1
BRDA:84,5,0,0
BRDA:84,5,1,1
BRDA:92,6,0,0
BRDA:92,6,1,1
BRDA:133,7,0,0
BRDA:133,7,1,5
BRDA:147,8,0,0
BRDA:147,8,1,0
BRDA:155,9,0,0
BRDA:155,9,1,0
BRDA:186,10,0,0
BRDA:186,10,1,3
BRF:22
BRH:12
end_of_record
TN:
SF:models\User.js
FN:61,upgradeTier
FN:71,(anonymous_1)
FN:81,(anonymous_2)
FN:89,(anonymous_3)
FN:96,(anonymous_4)
FN:100,(anonymous_5)
FNF:6
FNH:6
FNDA:10,upgradeTier
FNDA:5,(anonymous_1)
FNDA:5,(anonymous_2)
FNDA:3,(anonymous_3)
FNDA:3,(anonymous_4)
FNDA:2,(anonymous_5)
DA:1,1
DA:2,1
DA:3,1
DA:5,1
DA:62,10
DA:63,10
DA:64,9
DA:65,8
DA:66,7
DA:67,10
DA:71,1
DA:72,5
DA:74,5
DA:75,4
DA:76,4
DA:78,5
DA:81,1
DA:82,5
DA:83,5
DA:85,5
DA:89,1
DA:90,3
DA:96,1
DA:97,3
DA:100,1
DA:104,2
DA:105,2
DA:106,1
DA:108,1
DA:110,1
DA:111,1
DA:115,1
LF:32
LH:32
BRDA:63,0,0,1
BRDA:63,0,1,9
BRDA:64,1,0,1
BRDA:64,1,1,8
BRDA:65,2,0,1
BRDA:65,2,1,7
BRDA:66,3,0,1
BRDA:66,3,1,6
BRDA:74,4,0,4
BRDA:74,4,1,1
BRDA:105,5,0,1
BRDA:105,5,1,1
BRF:12
BRH:12
end_of_record
